{"/Users/fberdun/Node/Ciclo/app/calculator.js":{"path":"/Users/fberdun/Node/Ciclo/app/calculator.js","s":{"1":1,"2":1,"3":1,"4":1,"5":1,"6":1,"7":1,"8":2,"9":1,"10":1,"11":1},"b":{"1":[1,1]},"f":{"1":1,"2":1,"3":1,"4":2},"fnMap":{"1":{"name":"add","line":3,"loc":{"start":{"line":3,"column":0},"end":{"line":3,"column":19}}},"2":{"name":"minus","line":7,"loc":{"start":{"line":7,"column":0},"end":{"line":7,"column":21}}},"3":{"name":"multiply","line":11,"loc":{"start":{"line":11,"column":0},"end":{"line":11,"column":24}}},"4":{"name":"divide","line":15,"loc":{"start":{"line":15,"column":0},"end":{"line":15,"column":22}}}},"statementMap":{"1":{"start":{"line":3,"column":0},"end":{"line":5,"column":1}},"2":{"start":{"line":4,"column":2},"end":{"line":4,"column":15}},"3":{"start":{"line":7,"column":0},"end":{"line":9,"column":1}},"4":{"start":{"line":8,"column":2},"end":{"line":8,"column":15}},"5":{"start":{"line":11,"column":0},"end":{"line":13,"column":1}},"6":{"start":{"line":12,"column":2},"end":{"line":12,"column":15}},"7":{"start":{"line":15,"column":0},"end":{"line":22,"column":1}},"8":{"start":{"line":17,"column":2},"end":{"line":21,"column":3}},"9":{"start":{"line":18,"column":4},"end":{"line":18,"column":45}},"10":{"start":{"line":20,"column":4},"end":{"line":20,"column":17}},"11":{"start":{"line":24,"column":0},"end":{"line":29,"column":1}}},"branchMap":{"1":{"line":17,"type":"if","locations":[{"start":{"line":17,"column":2},"end":{"line":17,"column":2}},{"start":{"line":17,"column":2},"end":{"line":17,"column":2}}]}}}}